p/gray_gray_99.jpg 1 0 0 320 240
p/gray_gray_98.jpg 1 0 0 320 240
p/gray_gray_95.jpg 1 0 0 320 240
p/gray_gray_93.jpg 1 0 0 320 240
p/gray_gray_92.jpg 1 0 0 320 240
p/gray_gray_90.jpg 1 0 0 320 240
p/gray_gray_9.jpg 1 0 0 320 240
p/gray_gray_89.jpg 1 0 0 320 240
p/gray_gray_83.jpg 1 0 0 320 240
p/gray_gray_8.jpg 1 0 0 320 240
p/gray_gray_79.jpg 1 0 0 320 240
p/gray_gray_76.jpg 1 0 0 320 240
p/gray_gray_75.jpg 1 0 0 320 240
p/gray_gray_74.jpg 1 0 0 320 240
p/gray_gray_70.jpg 1 0 0 320 240
p/gray_gray_7.jpg 1 0 0 320 240
p/gray_gray_69.jpg 1 0 0 320 240
p/gray_gray_67.jpg 1 0 0 320 240
p/gray_gray_64.jpg 1 0 0 320 240
p/gray_gray_62.jpg 1 0 0 320 240
p/gray_gray_58.jpg 1 0 0 320 240
p/gray_gray_50.jpg 1 0 0 320 240
p/gray_gray_5.jpg 1 0 0 320 240
p/gray_gray_47.jpg 1 0 0 320 240
p/gray_gray_45.jpg 1 0 0 320 240
p/gray_gray_420.jpg 1 0 0 320 240
p/gray_gray_42.jpg 1 0 0 320 240
p/gray_gray_418.jpg 1 0 0 320 240
p/gray_gray_417.jpg 1 0 0 320 240
p/gray_gray_415.jpg 1 0 0 320 240
p/gray_gray_414.jpg 1 0 0 320 240
p/gray_gray_413.jpg 1 0 0 320 240
p/gray_gray_412.jpg 1 0 0 320 240
p/gray_gray_411.jpg 1 0 0 320 240
p/gray_gray_410.jpg 1 0 0 320 240
p/gray_gray_409.jpg 1 0 0 320 240
p/gray_gray_408.jpg 1 0 0 320 240
p/gray_gray_407.jpg 1 0 0 320 240
p/gray_gray_406.jpg 1 0 0 320 240
p/gray_gray_405.jpg 1 0 0 320 240
p/gray_gray_404.jpg 1 0 0 320 240
p/gray_gray_402.jpg 1 0 0 320 240
p/gray_gray_401.jpg 1 0 0 320 240
p/gray_gray_4.jpg 1 0 0 320 240
p/gray_gray_397.jpg 1 0 0 320 240
p/gray_gray_395.jpg 1 0 0 320 240
p/gray_gray_393.jpg 1 0 0 320 240
p/gray_gray_392.jpg 1 0 0 320 240
p/gray_gray_391.jpg 1 0 0 320 240
p/gray_gray_390.jpg 1 0 0 320 240
p/gray_gray_388.jpg 1 0 0 320 240
p/gray_gray_386.jpg 1 0 0 320 240
p/gray_gray_383.jpg 1 0 0 320 240
p/gray_gray_382.jpg 1 0 0 320 240
p/gray_gray_380.jpg 1 0 0 320 240
p/gray_gray_379.jpg 1 0 0 320 240
p/gray_gray_378.jpg 1 0 0 320 240
p/gray_gray_375.jpg 1 0 0 320 240
p/gray_gray_372.jpg 1 0 0 320 240
p/gray_gray_37.jpg 1 0 0 320 240
p/gray_gray_364.jpg 1 0 0 320 240
p/gray_gray_361.jpg 1 0 0 320 240
p/gray_gray_358.jpg 1 0 0 320 240
p/gray_gray_357.jpg 1 0 0 320 240
p/gray_gray_356.jpg 1 0 0 320 240
p/gray_gray_352.jpg 1 0 0 320 240
p/gray_gray_351.jpg 1 0 0 320 240
p/gray_gray_350.jpg 1 0 0 320 240
p/gray_gray_349.jpg 1 0 0 320 240
p/gray_gray_347.jpg 1 0 0 320 240
p/gray_gray_346.jpg 1 0 0 320 240
p/gray_gray_345.jpg 1 0 0 320 240
p/gray_gray_341.jpg 1 0 0 320 240
p/gray_gray_334.jpg 1 0 0 320 240
p/gray_gray_332.jpg 1 0 0 320 240
p/gray_gray_327.jpg 1 0 0 320 240
p/gray_gray_326.jpg 1 0 0 320 240
p/gray_gray_320.jpg 1 0 0 320 240
p/gray_gray_32.jpg 1 0 0 320 240
p/gray_gray_318.jpg 1 0 0 320 240
p/gray_gray_315.jpg 1 0 0 320 240
p/gray_gray_314.jpg 1 0 0 320 240
p/gray_gray_313.jpg 1 0 0 320 240
p/gray_gray_311.jpg 1 0 0 320 240
p/gray_gray_310.jpg 1 0 0 320 240
p/gray_gray_31.jpg 1 0 0 320 240
p/gray_gray_308.jpg 1 0 0 320 240
p/gray_gray_306.jpg 1 0 0 320 240
p/gray_gray_304.jpg 1 0 0 320 240
p/gray_gray_303.jpg 1 0 0 320 240
p/gray_gray_301.jpg 1 0 0 320 240
p/gray_gray_300.jpg 1 0 0 320 240
p/gray_gray_30.jpg 1 0 0 320 240
p/gray_gray_298.jpg 1 0 0 320 240
p/gray_gray_294.jpg 1 0 0 320 240
p/gray_gray_293.jpg 1 0 0 320 240
p/gray_gray_292.jpg 1 0 0 320 240
p/gray_gray_291.jpg 1 0 0 320 240
p/gray_gray_290.jpg 1 0 0 320 240
p/gray_gray_289.jpg 1 0 0 320 240
p/gray_gray_287.jpg 1 0 0 320 240
p/gray_gray_286.jpg 1 0 0 320 240
p/gray_gray_285.jpg 1 0 0 320 240
p/gray_gray_284.jpg 1 0 0 320 240
p/gray_gray_28.jpg 1 0 0 320 240
p/gray_gray_279.jpg 1 0 0 320 240
p/gray_gray_278.jpg 1 0 0 320 240
p/gray_gray_277.jpg 1 0 0 320 240
p/gray_gray_276.jpg 1 0 0 320 240
p/gray_gray_275.jpg 1 0 0 320 240
p/gray_gray_274.jpg 1 0 0 320 240
p/gray_gray_273.jpg 1 0 0 320 240
p/gray_gray_272.jpg 1 0 0 320 240
p/gray_gray_271.jpg 1 0 0 320 240
p/gray_gray_270.jpg 1 0 0 320 240
p/gray_gray_27.jpg 1 0 0 320 240
p/gray_gray_269.jpg 1 0 0 320 240
p/gray_gray_268.jpg 1 0 0 320 240
p/gray_gray_267.jpg 1 0 0 320 240
p/gray_gray_266.jpg 1 0 0 320 240
p/gray_gray_265.jpg 1 0 0 320 240
p/gray_gray_264.jpg 1 0 0 320 240
p/gray_gray_263.jpg 1 0 0 320 240
p/gray_gray_262.jpg 1 0 0 320 240
p/gray_gray_26.jpg 1 0 0 320 240
p/gray_gray_259.jpg 1 0 0 320 240
p/gray_gray_258.jpg 1 0 0 320 240
p/gray_gray_257.jpg 1 0 0 320 240
p/gray_gray_256.jpg 1 0 0 320 240
p/gray_gray_255.jpg 1 0 0 320 240
p/gray_gray_254.jpg 1 0 0 320 240
p/gray_gray_25.jpg 1 0 0 320 240
p/gray_gray_248.jpg 1 0 0 320 240
p/gray_gray_243.jpg 1 0 0 320 240
p/gray_gray_242.jpg 1 0 0 320 240
p/gray_gray_240.jpg 1 0 0 320 240
p/gray_gray_239.jpg 1 0 0 320 240
p/gray_gray_238.jpg 1 0 0 320 240
p/gray_gray_234.jpg 1 0 0 320 240
p/gray_gray_230.jpg 1 0 0 320 240
p/gray_gray_23.jpg 1 0 0 320 240
p/gray_gray_229.jpg 1 0 0 320 240
p/gray_gray_227.jpg 1 0 0 320 240
p/gray_gray_226.jpg 1 0 0 320 240
p/gray_gray_224.jpg 1 0 0 320 240
p/gray_gray_223.jpg 1 0 0 320 240
p/gray_gray_219.jpg 1 0 0 320 240
p/gray_gray_215.jpg 1 0 0 320 240
p/gray_gray_213.jpg 1 0 0 320 240
p/gray_gray_212.jpg 1 0 0 320 240
p/gray_gray_209.jpg 1 0 0 320 240
p/gray_gray_208.jpg 1 0 0 320 240
p/gray_gray_203.jpg 1 0 0 320 240
p/gray_gray_202.jpg 1 0 0 320 240
p/gray_gray_20.jpg 1 0 0 320 240
p/gray_gray_196.jpg 1 0 0 320 240
p/gray_gray_195.jpg 1 0 0 320 240
p/gray_gray_194.jpg 1 0 0 320 240
p/gray_gray_193.jpg 1 0 0 320 240
p/gray_gray_192.jpg 1 0 0 320 240
p/gray_gray_190.jpg 1 0 0 320 240
p/gray_gray_19.jpg 1 0 0 320 240
p/gray_gray_189.jpg 1 0 0 320 240
p/gray_gray_188.jpg 1 0 0 320 240
p/gray_gray_186.jpg 1 0 0 320 240
p/gray_gray_183.jpg 1 0 0 320 240
p/gray_gray_182.jpg 1 0 0 320 240
p/gray_gray_181.jpg 1 0 0 320 240
p/gray_gray_176.jpg 1 0 0 320 240
p/gray_gray_174.jpg 1 0 0 320 240
p/gray_gray_173.jpg 1 0 0 320 240
p/gray_gray_171.jpg 1 0 0 320 240
p/gray_gray_17.jpg 1 0 0 320 240
p/gray_gray_167.jpg 1 0 0 320 240
p/gray_gray_166.jpg 1 0 0 320 240
p/gray_gray_163.jpg 1 0 0 320 240
p/gray_gray_159.jpg 1 0 0 320 240
p/gray_gray_158.jpg 1 0 0 320 240
p/gray_gray_157.jpg 1 0 0 320 240
p/gray_gray_156.jpg 1 0 0 320 240
p/gray_gray_153.jpg 1 0 0 320 240
p/gray_gray_15.jpg 1 0 0 320 240
p/gray_gray_147.jpg 1 0 0 320 240
p/gray_gray_146.jpg 1 0 0 320 240
p/gray_gray_141.jpg 1 0 0 320 240
p/gray_gray_140.jpg 1 0 0 320 240
p/gray_gray_139.jpg 1 0 0 320 240
p/gray_gray_134.jpg 1 0 0 320 240
p/gray_gray_133.jpg 1 0 0 320 240
p/gray_gray_131.jpg 1 0 0 320 240
p/gray_gray_126.jpg 1 0 0 320 240
p/gray_gray_125.jpg 1 0 0 320 240
p/gray_gray_123.jpg 1 0 0 320 240
p/gray_gray_12.jpg 1 0 0 320 240
p/gray_gray_118.jpg 1 0 0 320 240
p/gray_gray_115.jpg 1 0 0 320 240
p/gray_gray_109.jpg 1 0 0 320 240
p/gray_gray_104.jpg 1 0 0 320 240
p/gray_gray_101.jpg 1 0 0 320 240
p/gray_gray_0.jpg 1 0 0 320 240