p/gray_99.jpg 1 0 0 320 240
p/gray_98.jpg 1 0 0 320 240
p/gray_95.jpg 1 0 0 320 240
p/gray_93.jpg 1 0 0 320 240
p/gray_92.jpg 1 0 0 320 240
p/gray_90.jpg 1 0 0 320 240
p/gray_9.jpg 1 0 0 320 240
p/gray_89.jpg 1 0 0 320 240
p/gray_83.jpg 1 0 0 320 240
p/gray_8.jpg 1 0 0 320 240
p/gray_79.jpg 1 0 0 320 240
p/gray_76.jpg 1 0 0 320 240
p/gray_75.jpg 1 0 0 320 240
p/gray_74.jpg 1 0 0 320 240
p/gray_70.jpg 1 0 0 320 240
p/gray_7.jpg 1 0 0 320 240
p/gray_69.jpg 1 0 0 320 240
p/gray_67.jpg 1 0 0 320 240
p/gray_64.jpg 1 0 0 320 240
p/gray_62.jpg 1 0 0 320 240
p/gray_58.jpg 1 0 0 320 240
p/gray_50.jpg 1 0 0 320 240
p/gray_5.jpg 1 0 0 320 240
p/gray_47.jpg 1 0 0 320 240
p/gray_45.jpg 1 0 0 320 240
p/gray_420.jpg 1 0 0 320 240
p/gray_42.jpg 1 0 0 320 240
p/gray_418.jpg 1 0 0 320 240
p/gray_417.jpg 1 0 0 320 240
p/gray_415.jpg 1 0 0 320 240
p/gray_414.jpg 1 0 0 320 240
p/gray_413.jpg 1 0 0 320 240
p/gray_412.jpg 1 0 0 320 240
p/gray_411.jpg 1 0 0 320 240
p/gray_410.jpg 1 0 0 320 240
p/gray_409.jpg 1 0 0 320 240
p/gray_408.jpg 1 0 0 320 240
p/gray_407.jpg 1 0 0 320 240
p/gray_406.jpg 1 0 0 320 240
p/gray_405.jpg 1 0 0 320 240
p/gray_404.jpg 1 0 0 320 240
p/gray_402.jpg 1 0 0 320 240
p/gray_401.jpg 1 0 0 320 240
p/gray_4.jpg 1 0 0 320 240
p/gray_397.jpg 1 0 0 320 240
p/gray_395.jpg 1 0 0 320 240
p/gray_393.jpg 1 0 0 320 240
p/gray_392.jpg 1 0 0 320 240
p/gray_391.jpg 1 0 0 320 240
p/gray_390.jpg 1 0 0 320 240
p/gray_388.jpg 1 0 0 320 240
p/gray_386.jpg 1 0 0 320 240
p/gray_383.jpg 1 0 0 320 240
p/gray_382.jpg 1 0 0 320 240
p/gray_380.jpg 1 0 0 320 240
p/gray_379.jpg 1 0 0 320 240
p/gray_378.jpg 1 0 0 320 240
p/gray_375.jpg 1 0 0 320 240
p/gray_372.jpg 1 0 0 320 240
p/gray_37.jpg 1 0 0 320 240
p/gray_364.jpg 1 0 0 320 240
p/gray_361.jpg 1 0 0 320 240
p/gray_358.jpg 1 0 0 320 240
p/gray_357.jpg 1 0 0 320 240
p/gray_356.jpg 1 0 0 320 240
p/gray_352.jpg 1 0 0 320 240
p/gray_351.jpg 1 0 0 320 240
p/gray_350.jpg 1 0 0 320 240
p/gray_349.jpg 1 0 0 320 240
p/gray_347.jpg 1 0 0 320 240
p/gray_346.jpg 1 0 0 320 240
p/gray_345.jpg 1 0 0 320 240
p/gray_341.jpg 1 0 0 320 240
p/gray_334.jpg 1 0 0 320 240
p/gray_332.jpg 1 0 0 320 240
p/gray_327.jpg 1 0 0 320 240
p/gray_326.jpg 1 0 0 320 240
p/gray_320.jpg 1 0 0 320 240
p/gray_32.jpg 1 0 0 320 240
p/gray_318.jpg 1 0 0 320 240
p/gray_315.jpg 1 0 0 320 240
p/gray_314.jpg 1 0 0 320 240
p/gray_313.jpg 1 0 0 320 240
p/gray_311.jpg 1 0 0 320 240
p/gray_310.jpg 1 0 0 320 240
p/gray_31.jpg 1 0 0 320 240
p/gray_308.jpg 1 0 0 320 240
p/gray_306.jpg 1 0 0 320 240
p/gray_304.jpg 1 0 0 320 240
p/gray_303.jpg 1 0 0 320 240
p/gray_301.jpg 1 0 0 320 240
p/gray_300.jpg 1 0 0 320 240
p/gray_30.jpg 1 0 0 320 240
p/gray_298.jpg 1 0 0 320 240
p/gray_294.jpg 1 0 0 320 240
p/gray_293.jpg 1 0 0 320 240
p/gray_292.jpg 1 0 0 320 240
p/gray_291.jpg 1 0 0 320 240
p/gray_290.jpg 1 0 0 320 240
p/gray_289.jpg 1 0 0 320 240
p/gray_287.jpg 1 0 0 320 240
p/gray_286.jpg 1 0 0 320 240
p/gray_285.jpg 1 0 0 320 240
p/gray_284.jpg 1 0 0 320 240
p/gray_28.jpg 1 0 0 320 240
p/gray_279.jpg 1 0 0 320 240
p/gray_278.jpg 1 0 0 320 240
p/gray_277.jpg 1 0 0 320 240
p/gray_276.jpg 1 0 0 320 240
p/gray_275.jpg 1 0 0 320 240
p/gray_274.jpg 1 0 0 320 240
p/gray_273.jpg 1 0 0 320 240
p/gray_272.jpg 1 0 0 320 240
p/gray_271.jpg 1 0 0 320 240
p/gray_270.jpg 1 0 0 320 240
p/gray_27.jpg 1 0 0 320 240
p/gray_269.jpg 1 0 0 320 240
p/gray_268.jpg 1 0 0 320 240
p/gray_267.jpg 1 0 0 320 240
p/gray_266.jpg 1 0 0 320 240
p/gray_265.jpg 1 0 0 320 240
p/gray_264.jpg 1 0 0 320 240
p/gray_263.jpg 1 0 0 320 240
p/gray_262.jpg 1 0 0 320 240
p/gray_26.jpg 1 0 0 320 240
p/gray_259.jpg 1 0 0 320 240
p/gray_258.jpg 1 0 0 320 240
p/gray_257.jpg 1 0 0 320 240
p/gray_256.jpg 1 0 0 320 240
p/gray_255.jpg 1 0 0 320 240
p/gray_254.jpg 1 0 0 320 240
p/gray_25.jpg 1 0 0 320 240
p/gray_248.jpg 1 0 0 320 240
p/gray_243.jpg 1 0 0 320 240
p/gray_242.jpg 1 0 0 320 240
p/gray_240.jpg 1 0 0 320 240
p/gray_239.jpg 1 0 0 320 240
p/gray_238.jpg 1 0 0 320 240
p/gray_234.jpg 1 0 0 320 240
p/gray_230.jpg 1 0 0 320 240
p/gray_23.jpg 1 0 0 320 240
p/gray_229.jpg 1 0 0 320 240
p/gray_227.jpg 1 0 0 320 240
p/gray_226.jpg 1 0 0 320 240
p/gray_224.jpg 1 0 0 320 240
p/gray_223.jpg 1 0 0 320 240
p/gray_219.jpg 1 0 0 320 240
p/gray_215.jpg 1 0 0 320 240
p/gray_213.jpg 1 0 0 320 240
p/gray_212.jpg 1 0 0 320 240
p/gray_209.jpg 1 0 0 320 240
p/gray_208.jpg 1 0 0 320 240
p/gray_203.jpg 1 0 0 320 240
p/gray_202.jpg 1 0 0 320 240
p/gray_20.jpg 1 0 0 320 240
p/gray_196.jpg 1 0 0 320 240
p/gray_195.jpg 1 0 0 320 240
p/gray_194.jpg 1 0 0 320 240
p/gray_193.jpg 1 0 0 320 240
p/gray_192.jpg 1 0 0 320 240
p/gray_190.jpg 1 0 0 320 240
p/gray_19.jpg 1 0 0 320 240
p/gray_189.jpg 1 0 0 320 240
p/gray_188.jpg 1 0 0 320 240
p/gray_186.jpg 1 0 0 320 240
p/gray_183.jpg 1 0 0 320 240
p/gray_182.jpg 1 0 0 320 240
p/gray_181.jpg 1 0 0 320 240
p/gray_176.jpg 1 0 0 320 240
p/gray_174.jpg 1 0 0 320 240
p/gray_173.jpg 1 0 0 320 240
p/gray_171.jpg 1 0 0 320 240
p/gray_17.jpg 1 0 0 320 240
p/gray_167.jpg 1 0 0 320 240
p/gray_166.jpg 1 0 0 320 240
p/gray_163.jpg 1 0 0 320 240
p/gray_159.jpg 1 0 0 320 240
p/gray_158.jpg 1 0 0 320 240
p/gray_157.jpg 1 0 0 320 240
p/gray_156.jpg 1 0 0 320 240
p/gray_153.jpg 1 0 0 320 240
p/gray_15.jpg 1 0 0 320 240
p/gray_147.jpg 1 0 0 320 240
p/gray_146.jpg 1 0 0 320 240
p/gray_141.jpg 1 0 0 320 240
p/gray_140.jpg 1 0 0 320 240
p/gray_139.jpg 1 0 0 320 240
p/gray_134.jpg 1 0 0 320 240
p/gray_133.jpg 1 0 0 320 240
p/gray_131.jpg 1 0 0 320 240
p/gray_126.jpg 1 0 0 320 240
p/gray_125.jpg 1 0 0 320 240
p/gray_123.jpg 1 0 0 320 240
p/gray_12.jpg 1 0 0 320 240
p/gray_118.jpg 1 0 0 320 240
p/gray_115.jpg 1 0 0 320 240
p/gray_109.jpg 1 0 0 320 240
p/gray_104.jpg 1 0 0 320 240
p/gray_101.jpg 1 0 0 320 240
p/gray_0.jpg 1 0 0 320 240